  [1m[36m (29.8ms)[0m  [1mCREATE TABLE "schema_migrations" ("version" character varying(255) NOT NULL) [0m
  [1m[35m (6.2ms)[0m  CREATE UNIQUE INDEX "unique_schema_migrations" ON "schema_migrations" ("version")
  [1m[36mActiveRecord::SchemaMigration Load (0.7ms)[0m  [1mSELECT "schema_migrations".* FROM "schema_migrations"[0m
  [1m[36m (8.7ms)[0m  [1mCREATE TABLE "schema_migrations" ("version" character varying(255) NOT NULL) [0m
  [1m[35m (23.8ms)[0m  CREATE UNIQUE INDEX "unique_schema_migrations" ON "schema_migrations" ("version")
  [1m[36mActiveRecord::SchemaMigration Load (0.7ms)[0m  [1mSELECT "schema_migrations".* FROM "schema_migrations"[0m
  [1m[36mUser Load (6.0ms)[0m  [1mSELECT "users".* FROM "users"[0m
PG::UndefinedTable: ERROR:  relation "users" does not exist
LINE 1: SELECT "users".* FROM "users"
                              ^
: SELECT "users".* FROM "users"
  [1m[36m (3.4ms)[0m  [1mCREATE TABLE "schema_migrations" ("version" character varying(255) NOT NULL) [0m
  [1m[35m (1.4ms)[0m  CREATE UNIQUE INDEX "unique_schema_migrations" ON "schema_migrations" ("version")
  [1m[36mActiveRecord::SchemaMigration Load (0.4ms)[0m  [1mSELECT "schema_migrations".* FROM "schema_migrations"[0m
  [1m[36mActiveRecord::SchemaMigration Load (0.5ms)[0m  [1mSELECT "schema_migrations".* FROM "schema_migrations"[0m
Migrating to CreateUsers (20140814140343)
  [1m[35m (0.2ms)[0m  BEGIN
  [1m[36m (16.9ms)[0m  [1mCREATE TABLE "users" ("id" serial primary key, "email" character varying(255), "password_digest" character varying(255), "username" character varying(255), "created_at" timestamp, "updated_at" timestamp) [0m
  [1m[35mSQL (24.5ms)[0m  INSERT INTO "schema_migrations" ("version") VALUES ($1)  [["version", "20140814140343"]]
  [1m[36m (2.8ms)[0m  [1mCOMMIT[0m
Migrating to CreateComments (20140814140620)
  [1m[35m (0.5ms)[0m  BEGIN
  [1m[36m (6.0ms)[0m  [1mCREATE TABLE "comments" ("id" serial primary key, "poi_id" integer, "user_id" integer, "text" text, "created_at" timestamp, "updated_at" timestamp) [0m
  [1m[35mSQL (0.4ms)[0m  INSERT INTO "schema_migrations" ("version") VALUES ($1)  [["version", "20140814140620"]]
  [1m[36m (0.7ms)[0m  [1mCOMMIT[0m
Migrating to CreatePois (20140814140858)
  [1m[35m (0.3ms)[0m  BEGIN
  [1m[36m (5.6ms)[0m  [1mCREATE TABLE "pois" ("id" serial primary key, "tour_id" integer, "name" character varying(255), "description" character varying(255), "position" json, "image" character varying(255), "created_at" timestamp, "updated_at" timestamp) [0m
  [1m[35mSQL (0.3ms)[0m  INSERT INTO "schema_migrations" ("version") VALUES ($1)  [["version", "20140814140858"]]
  [1m[36m (0.6ms)[0m  [1mCOMMIT[0m
Migrating to CreateTours (20140814141024)
  [1m[35m (0.2ms)[0m  BEGIN
  [1m[36m (20.8ms)[0m  [1mCREATE TABLE "tours" ("id" serial primary key, "name" character varying(255), "zoom" integer DEFAULT 12, "center" json, "creator_id" integer, "created_at" timestamp, "updated_at" timestamp) [0m
  [1m[35mSQL (0.3ms)[0m  INSERT INTO "schema_migrations" ("version") VALUES ($1)  [["version", "20140814141024"]]
  [1m[36m (0.5ms)[0m  [1mCOMMIT[0m
  [1m[35mActiveRecord::SchemaMigration Load (0.4ms)[0m  SELECT "schema_migrations".* FROM "schema_migrations"


Started GET "/" for 127.0.0.1 at 2014-08-14 13:19:01 -0500

PG::ConnectionBad (FATAL:  database "Divvy_Up_development" does not exist
):
  activerecord (4.0.8) lib/active_record/connection_adapters/postgresql_adapter.rb:855:in `initialize'
  activerecord (4.0.8) lib/active_record/connection_adapters/postgresql_adapter.rb:855:in `new'
  activerecord (4.0.8) lib/active_record/connection_adapters/postgresql_adapter.rb:855:in `connect'
  activerecord (4.0.8) lib/active_record/connection_adapters/postgresql_adapter.rb:556:in `initialize'
  activerecord (4.0.8) lib/active_record/connection_adapters/postgresql_adapter.rb:41:in `new'
  activerecord (4.0.8) lib/active_record/connection_adapters/postgresql_adapter.rb:41:in `postgresql_connection'
  activerecord (4.0.8) lib/active_record/connection_adapters/abstract/connection_pool.rb:440:in `new_connection'
  activerecord (4.0.8) lib/active_record/connection_adapters/abstract/connection_pool.rb:450:in `checkout_new_connection'
  activerecord (4.0.8) lib/active_record/connection_adapters/abstract/connection_pool.rb:421:in `acquire_connection'
  activerecord (4.0.8) lib/active_record/connection_adapters/abstract/connection_pool.rb:356:in `block in checkout'
  /Users/flowers2890/.rbenv/versions/2.0.0-p481/lib/ruby/2.0.0/monitor.rb:211:in `mon_synchronize'
  activerecord (4.0.8) lib/active_record/connection_adapters/abstract/connection_pool.rb:355:in `checkout'
  activerecord (4.0.8) lib/active_record/connection_adapters/abstract/connection_pool.rb:265:in `block in connection'
  /Users/flowers2890/.rbenv/versions/2.0.0-p481/lib/ruby/2.0.0/monitor.rb:211:in `mon_synchronize'
  activerecord (4.0.8) lib/active_record/connection_adapters/abstract/connection_pool.rb:264:in `connection'
  activerecord (4.0.8) lib/active_record/connection_adapters/abstract/connection_pool.rb:546:in `retrieve_connection'
  activerecord (4.0.8) lib/active_record/connection_handling.rb:79:in `retrieve_connection'
  activerecord (4.0.8) lib/active_record/connection_handling.rb:53:in `connection'
  activerecord (4.0.8) lib/active_record/migration.rb:796:in `current_version'
  activerecord (4.0.8) lib/active_record/migration.rb:804:in `needs_migration?'
  activerecord (4.0.8) lib/active_record/migration.rb:383:in `check_pending!'
  activerecord (4.0.8) lib/active_record/migration.rb:370:in `call'
  actionpack (4.0.8) lib/action_dispatch/middleware/callbacks.rb:29:in `block in call'
  activesupport (4.0.8) lib/active_support/callbacks.rb:373:in `_run__1360303614038206920__call__callbacks'
  activesupport (4.0.8) lib/active_support/callbacks.rb:80:in `run_callbacks'
  actionpack (4.0.8) lib/action_dispatch/middleware/callbacks.rb:27:in `call'
  actionpack (4.0.8) lib/action_dispatch/middleware/reloader.rb:64:in `call'
  actionpack (4.0.8) lib/action_dispatch/middleware/remote_ip.rb:76:in `call'
  actionpack (4.0.8) lib/action_dispatch/middleware/debug_exceptions.rb:17:in `call'
  actionpack (4.0.8) lib/action_dispatch/middleware/show_exceptions.rb:30:in `call'
  railties (4.0.8) lib/rails/rack/logger.rb:38:in `call_app'
  railties (4.0.8) lib/rails/rack/logger.rb:20:in `block in call'
  activesupport (4.0.8) lib/active_support/tagged_logging.rb:68:in `block in tagged'
  activesupport (4.0.8) lib/active_support/tagged_logging.rb:26:in `tagged'
  activesupport (4.0.8) lib/active_support/tagged_logging.rb:68:in `tagged'
  railties (4.0.8) lib/rails/rack/logger.rb:20:in `call'
  actionpack (4.0.8) lib/action_dispatch/middleware/request_id.rb:21:in `call'
  rack (1.5.2) lib/rack/methodoverride.rb:21:in `call'
  rack (1.5.2) lib/rack/runtime.rb:17:in `call'
  activesupport (4.0.8) lib/active_support/cache/strategy/local_cache.rb:83:in `call'
  rack (1.5.2) lib/rack/lock.rb:17:in `call'
  actionpack (4.0.8) lib/action_dispatch/middleware/static.rb:64:in `call'
  rack (1.5.2) lib/rack/sendfile.rb:112:in `call'
  railties (4.0.8) lib/rails/engine.rb:511:in `call'
  railties (4.0.8) lib/rails/application.rb:97:in `call'
  rack (1.5.2) lib/rack/lock.rb:17:in `call'
  rack (1.5.2) lib/rack/content_length.rb:14:in `call'
  rack (1.5.2) lib/rack/handler/webrick.rb:60:in `service'
  /Users/flowers2890/.rbenv/versions/2.0.0-p481/lib/ruby/2.0.0/webrick/httpserver.rb:138:in `service'
  /Users/flowers2890/.rbenv/versions/2.0.0-p481/lib/ruby/2.0.0/webrick/httpserver.rb:94:in `run'
  /Users/flowers2890/.rbenv/versions/2.0.0-p481/lib/ruby/2.0.0/webrick/server.rb:295:in `block in start_thread'


  Rendered /Users/flowers2890/.rbenv/versions/2.0.0-p481/lib/ruby/gems/2.0.0/gems/actionpack-4.0.8/lib/action_dispatch/middleware/templates/rescues/_source.erb (0.6ms)
  Rendered /Users/flowers2890/.rbenv/versions/2.0.0-p481/lib/ruby/gems/2.0.0/gems/actionpack-4.0.8/lib/action_dispatch/middleware/templates/rescues/_trace.erb (1.2ms)
  Rendered /Users/flowers2890/.rbenv/versions/2.0.0-p481/lib/ruby/gems/2.0.0/gems/actionpack-4.0.8/lib/action_dispatch/middleware/templates/rescues/_request_and_response.erb (1.0ms)
  Rendered /Users/flowers2890/.rbenv/versions/2.0.0-p481/lib/ruby/gems/2.0.0/gems/actionpack-4.0.8/lib/action_dispatch/middleware/templates/rescues/diagnostics.erb within rescues/layout (184.8ms)
  [1m[36m (34.4ms)[0m  [1mCREATE TABLE "schema_migrations" ("version" character varying(255) NOT NULL) [0m
  [1m[35m (48.1ms)[0m  CREATE UNIQUE INDEX "unique_schema_migrations" ON "schema_migrations" ("version")
  [1m[36mActiveRecord::SchemaMigration Load (0.9ms)[0m  [1mSELECT "schema_migrations".* FROM "schema_migrations"[0m
Migrating to CreateUsers (20140814140343)
  [1m[35m (0.4ms)[0m  BEGIN
  [1m[36m (20.3ms)[0m  [1mCREATE TABLE "users" ("id" serial primary key, "email" character varying(255), "password_digest" character varying(255), "username" character varying(255), "created_at" timestamp, "updated_at" timestamp) [0m
  [1m[35mSQL (16.5ms)[0m  INSERT INTO "schema_migrations" ("version") VALUES ($1)  [["version", "20140814140343"]]
  [1m[36m (15.6ms)[0m  [1mCOMMIT[0m
Migrating to CreateComments (20140814140620)
  [1m[35m (16.0ms)[0m  BEGIN
  [1m[36m (19.8ms)[0m  [1mCREATE TABLE "comments" ("id" serial primary key, "poi_id" integer, "user_id" integer, "text" text, "created_at" timestamp, "updated_at" timestamp) [0m
  [1m[35mSQL (15.1ms)[0m  INSERT INTO "schema_migrations" ("version") VALUES ($1)  [["version", "20140814140620"]]
  [1m[36m (0.8ms)[0m  [1mCOMMIT[0m
Migrating to CreatePois (20140814140858)
  [1m[35m (32.3ms)[0m  BEGIN
  [1m[36m (11.3ms)[0m  [1mCREATE TABLE "pois" ("id" serial primary key, "tour_id" integer, "name" character varying(255), "description" character varying(255), "position" json, "image" character varying(255), "created_at" timestamp, "updated_at" timestamp) [0m
  [1m[35mSQL (0.4ms)[0m  INSERT INTO "schema_migrations" ("version") VALUES ($1)  [["version", "20140814140858"]]
  [1m[36m (0.7ms)[0m  [1mCOMMIT[0m
Migrating to CreateTours (20140814141024)
  [1m[35m (15.5ms)[0m  BEGIN
  [1m[36m (19.0ms)[0m  [1mCREATE TABLE "tours" ("id" serial primary key, "name" character varying(255), "zoom" integer DEFAULT 12, "center" json, "creator_id" integer, "created_at" timestamp, "updated_at" timestamp) [0m
  [1m[35mSQL (0.3ms)[0m  INSERT INTO "schema_migrations" ("version") VALUES ($1)  [["version", "20140814141024"]]
  [1m[36m (0.6ms)[0m  [1mCOMMIT[0m
  [1m[35mActiveRecord::SchemaMigration Load (0.4ms)[0m  SELECT "schema_migrations".* FROM "schema_migrations"


Started GET "/" for 127.0.0.1 at 2014-08-14 13:20:48 -0500
  [1m[36mActiveRecord::SchemaMigration Load (0.5ms)[0m  [1mSELECT "schema_migrations".* FROM "schema_migrations"[0m
Processing by Rails::WelcomeController#index as HTML
  Rendered /Users/flowers2890/.rbenv/versions/2.0.0-p481/lib/ruby/gems/2.0.0/gems/railties-4.0.8/lib/rails/templates/rails/welcome/index.html.erb (9.5ms)
Completed 200 OK in 66ms (Views: 28.4ms | ActiveRecord: 0.0ms)


Started GET "/" for 127.0.0.1 at 2014-08-14 13:26:50 -0500
Processing by WelcomeController#index as HTML
Completed 500 Internal Server Error in 21ms

ActionView::MissingTemplate (Missing template welcome/index, application/index with {:locale=>[:en], :formats=>[:html], :handlers=>[:erb, :builder, :raw, :ruby, :jbuilder, :coffee]}. Searched in:
  * "/Users/flowers2890/3_Phase/Divvy_Up/app/views"
):
  actionpack (4.0.8) lib/action_view/path_set.rb:46:in `find'
  actionpack (4.0.8) lib/action_view/lookup_context.rb:122:in `find'
  actionpack (4.0.8) lib/action_view/renderer/abstract_renderer.rb:18:in `find_template'
  actionpack (4.0.8) lib/action_view/renderer/template_renderer.rb:35:in `determine_template'
  actionpack (4.0.8) lib/action_view/renderer/template_renderer.rb:8:in `render'
  actionpack (4.0.8) lib/action_view/renderer/renderer.rb:42:in `render_template'
  actionpack (4.0.8) lib/action_view/renderer/renderer.rb:23:in `render'
  actionpack (4.0.8) lib/abstract_controller/rendering.rb:127:in `_render_template'
  actionpack (4.0.8) lib/action_controller/metal/streaming.rb:219:in `_render_template'
  actionpack (4.0.8) lib/abstract_controller/rendering.rb:120:in `render_to_body'
  actionpack (4.0.8) lib/action_controller/metal/rendering.rb:33:in `render_to_body'
  actionpack (4.0.8) lib/action_controller/metal/renderers.rb:26:in `render_to_body'
  actionpack (4.0.8) lib/abstract_controller/rendering.rb:97:in `render'
  actionpack (4.0.8) lib/action_controller/metal/rendering.rb:16:in `render'
  actionpack (4.0.8) lib/action_controller/metal/instrumentation.rb:41:in `block (2 levels) in render'
  activesupport (4.0.8) lib/active_support/core_ext/benchmark.rb:12:in `block in ms'
  /Users/flowers2890/.rbenv/versions/2.0.0-p481/lib/ruby/2.0.0/benchmark.rb:296:in `realtime'
  activesupport (4.0.8) lib/active_support/core_ext/benchmark.rb:12:in `ms'
  actionpack (4.0.8) lib/action_controller/metal/instrumentation.rb:41:in `block in render'
  actionpack (4.0.8) lib/action_controller/metal/instrumentation.rb:84:in `cleanup_view_runtime'
  activerecord (4.0.8) lib/active_record/railties/controller_runtime.rb:25:in `cleanup_view_runtime'
  actionpack (4.0.8) lib/action_controller/metal/instrumentation.rb:40:in `render'
  actionpack (4.0.8) lib/action_controller/metal/implicit_render.rb:10:in `default_render'
  actionpack (4.0.8) lib/action_controller/metal/implicit_render.rb:5:in `send_action'
  actionpack (4.0.8) lib/abstract_controller/base.rb:189:in `process_action'
  actionpack (4.0.8) lib/action_controller/metal/rendering.rb:10:in `process_action'
  actionpack (4.0.8) lib/abstract_controller/callbacks.rb:18:in `block in process_action'
  activesupport (4.0.8) lib/active_support/callbacks.rb:403:in `_run__1600718937819742585__process_action__callbacks'
  activesupport (4.0.8) lib/active_support/callbacks.rb:80:in `run_callbacks'
  actionpack (4.0.8) lib/abstract_controller/callbacks.rb:17:in `process_action'
  actionpack (4.0.8) lib/action_controller/metal/rescue.rb:29:in `process_action'
  actionpack (4.0.8) lib/action_controller/metal/instrumentation.rb:31:in `block in process_action'
  activesupport (4.0.8) lib/active_support/notifications.rb:159:in `block in instrument'
  activesupport (4.0.8) lib/active_support/notifications/instrumenter.rb:20:in `instrument'
  activesupport (4.0.8) lib/active_support/notifications.rb:159:in `instrument'
  actionpack (4.0.8) lib/action_controller/metal/instrumentation.rb:30:in `process_action'
  actionpack (4.0.8) lib/action_controller/metal/params_wrapper.rb:250:in `process_action'
  activerecord (4.0.8) lib/active_record/railties/controller_runtime.rb:18:in `process_action'
  actionpack (4.0.8) lib/abstract_controller/base.rb:136:in `process'
  actionpack (4.0.8) lib/abstract_controller/rendering.rb:44:in `process'
  actionpack (4.0.8) lib/action_controller/metal.rb:195:in `dispatch'
  actionpack (4.0.8) lib/action_controller/metal/rack_delegation.rb:13:in `dispatch'
  actionpack (4.0.8) lib/action_controller/metal.rb:231:in `block in action'
  actionpack (4.0.8) lib/action_dispatch/routing/route_set.rb:82:in `call'
  actionpack (4.0.8) lib/action_dispatch/routing/route_set.rb:82:in `dispatch'
  actionpack (4.0.8) lib/action_dispatch/routing/route_set.rb:50:in `call'
  actionpack (4.0.8) lib/action_dispatch/journey/router.rb:71:in `block in call'
  actionpack (4.0.8) lib/action_dispatch/journey/router.rb:59:in `each'
  actionpack (4.0.8) lib/action_dispatch/journey/router.rb:59:in `call'
  actionpack (4.0.8) lib/action_dispatch/routing/route_set.rb:676:in `call'
  rack (1.5.2) lib/rack/etag.rb:23:in `call'
  rack (1.5.2) lib/rack/conditionalget.rb:25:in `call'
  rack (1.5.2) lib/rack/head.rb:11:in `call'
  actionpack (4.0.8) lib/action_dispatch/middleware/params_parser.rb:27:in `call'
  actionpack (4.0.8) lib/action_dispatch/middleware/flash.rb:241:in `call'
  rack (1.5.2) lib/rack/session/abstract/id.rb:225:in `context'
  rack (1.5.2) lib/rack/session/abstract/id.rb:220:in `call'
  actionpack (4.0.8) lib/action_dispatch/middleware/cookies.rb:486:in `call'
  activerecord (4.0.8) lib/active_record/query_cache.rb:36:in `call'
  activerecord (4.0.8) lib/active_record/connection_adapters/abstract/connection_pool.rb:626:in `call'
  activerecord (4.0.8) lib/active_record/migration.rb:373:in `call'
  actionpack (4.0.8) lib/action_dispatch/middleware/callbacks.rb:29:in `block in call'
  activesupport (4.0.8) lib/active_support/callbacks.rb:373:in `_run__583745746756356428__call__callbacks'
  activesupport (4.0.8) lib/active_support/callbacks.rb:80:in `run_callbacks'
  actionpack (4.0.8) lib/action_dispatch/middleware/callbacks.rb:27:in `call'
  actionpack (4.0.8) lib/action_dispatch/middleware/reloader.rb:64:in `call'
  actionpack (4.0.8) lib/action_dispatch/middleware/remote_ip.rb:76:in `call'
  actionpack (4.0.8) lib/action_dispatch/middleware/debug_exceptions.rb:17:in `call'
  actionpack (4.0.8) lib/action_dispatch/middleware/show_exceptions.rb:30:in `call'
  railties (4.0.8) lib/rails/rack/logger.rb:38:in `call_app'
  railties (4.0.8) lib/rails/rack/logger.rb:20:in `block in call'
  activesupport (4.0.8) lib/active_support/tagged_logging.rb:68:in `block in tagged'
  activesupport (4.0.8) lib/active_support/tagged_logging.rb:26:in `tagged'
  activesupport (4.0.8) lib/active_support/tagged_logging.rb:68:in `tagged'
  railties (4.0.8) lib/rails/rack/logger.rb:20:in `call'
  actionpack (4.0.8) lib/action_dispatch/middleware/request_id.rb:21:in `call'
  rack (1.5.2) lib/rack/methodoverride.rb:21:in `call'
  rack (1.5.2) lib/rack/runtime.rb:17:in `call'
  activesupport (4.0.8) lib/active_support/cache/strategy/local_cache.rb:83:in `call'
  rack (1.5.2) lib/rack/lock.rb:17:in `call'
  actionpack (4.0.8) lib/action_dispatch/middleware/static.rb:64:in `call'
  rack (1.5.2) lib/rack/sendfile.rb:112:in `call'
  railties (4.0.8) lib/rails/engine.rb:511:in `call'
  railties (4.0.8) lib/rails/application.rb:97:in `call'
  rack (1.5.2) lib/rack/lock.rb:17:in `call'
  rack (1.5.2) lib/rack/content_length.rb:14:in `call'
  rack (1.5.2) lib/rack/handler/webrick.rb:60:in `service'
  /Users/flowers2890/.rbenv/versions/2.0.0-p481/lib/ruby/2.0.0/webrick/httpserver.rb:138:in `service'
  /Users/flowers2890/.rbenv/versions/2.0.0-p481/lib/ruby/2.0.0/webrick/httpserver.rb:94:in `run'
  /Users/flowers2890/.rbenv/versions/2.0.0-p481/lib/ruby/2.0.0/webrick/server.rb:295:in `block in start_thread'


  Rendered /Users/flowers2890/.rbenv/versions/2.0.0-p481/lib/ruby/gems/2.0.0/gems/actionpack-4.0.8/lib/action_dispatch/middleware/templates/rescues/missing_template.erb within rescues/layout (0.5ms)


Started GET "/" for 127.0.0.1 at 2014-08-14 13:28:05 -0500
Processing by WelcomeController#index as HTML
  Rendered welcome/index.html.erb within layouts/application (7.3ms)
Completed 500 Internal Server Error in 11ms

ActionView::Template::Error (undefined method `logged_in?' for #<#<Class:0x007fe2e4413290>:0x007fe2e44126d8>):
    4: </div>
    5: 
    6: 
    7: <% if logged_in? %>
    8:   <h2> Welcome <%= current_user.username %> !</p>
    9:   <% if current_user.resources.length == 0 %>
   10:   <p> You haven't added any resources yet! </p>
  app/views/welcome/index.html.erb:7:in `_app_views_welcome_index_html_erb__3930063620129739371_70306234403500'
  app/controllers/welcome_controller.rb:3:in `index'


  Rendered /Users/flowers2890/.rbenv/versions/2.0.0-p481/lib/ruby/gems/2.0.0/gems/actionpack-4.0.8/lib/action_dispatch/middleware/templates/rescues/_trace.erb (2.2ms)
  Rendered /Users/flowers2890/.rbenv/versions/2.0.0-p481/lib/ruby/gems/2.0.0/gems/actionpack-4.0.8/lib/action_dispatch/middleware/templates/rescues/_request_and_response.erb (1.1ms)
  Rendered /Users/flowers2890/.rbenv/versions/2.0.0-p481/lib/ruby/gems/2.0.0/gems/actionpack-4.0.8/lib/action_dispatch/middleware/templates/rescues/template_error.erb within rescues/layout (44.1ms)


Started GET "/" for 127.0.0.1 at 2014-08-14 13:28:27 -0500
Processing by WelcomeController#index as HTML
  Rendered welcome/index.html.erb within layouts/application (10.1ms)
Completed 500 Internal Server Error in 33ms

ActionView::Template::Error (undefined method `logged_in?' for #<#<Class:0x007fe2e4413290>:0x007fe2e45766a0>):
    4: </div>
    5: 
    6: 
    7: <% if logged_in? %>
    8:   <h2> Welcome <%= current_user.username %> !</p>
    9:   <% if current_user.resources.length == 0 %>
   10:   <p> You haven't added any resources yet! </p>
  app/views/welcome/index.html.erb:7:in `_app_views_welcome_index_html_erb__3930063620129739371_70306234403500'
  app/controllers/welcome_controller.rb:3:in `index'


  Rendered /Users/flowers2890/.rbenv/versions/2.0.0-p481/lib/ruby/gems/2.0.0/gems/actionpack-4.0.8/lib/action_dispatch/middleware/templates/rescues/_trace.erb (1.2ms)
  Rendered /Users/flowers2890/.rbenv/versions/2.0.0-p481/lib/ruby/gems/2.0.0/gems/actionpack-4.0.8/lib/action_dispatch/middleware/templates/rescues/_request_and_response.erb (1.0ms)
  Rendered /Users/flowers2890/.rbenv/versions/2.0.0-p481/lib/ruby/gems/2.0.0/gems/actionpack-4.0.8/lib/action_dispatch/middleware/templates/rescues/template_error.erb within rescues/layout (13.1ms)


Started GET "/" for 127.0.0.1 at 2014-08-14 13:28:30 -0500
Processing by WelcomeController#index as HTML
  Rendered welcome/index.html.erb within layouts/application (6.6ms)
Completed 500 Internal Server Error in 9ms

ActionView::Template::Error (undefined method `logged_in?' for #<#<Class:0x007fe2e4413290>:0x007fe2e69baf98>):
    4: </div>
    5: 
    6: 
    7: <% if logged_in? %>
    8:   <h2> Welcome <%= current_user.username %> !</p>
    9:   <% if current_user.resources.length == 0 %>
   10:   <p> You haven't added any resources yet! </p>
  app/views/welcome/index.html.erb:7:in `_app_views_welcome_index_html_erb__3930063620129739371_70306234403500'
  app/controllers/welcome_controller.rb:3:in `index'


  Rendered /Users/flowers2890/.rbenv/versions/2.0.0-p481/lib/ruby/gems/2.0.0/gems/actionpack-4.0.8/lib/action_dispatch/middleware/templates/rescues/_trace.erb (1.3ms)
  Rendered /Users/flowers2890/.rbenv/versions/2.0.0-p481/lib/ruby/gems/2.0.0/gems/actionpack-4.0.8/lib/action_dispatch/middleware/templates/rescues/_request_and_response.erb (1.0ms)
  Rendered /Users/flowers2890/.rbenv/versions/2.0.0-p481/lib/ruby/gems/2.0.0/gems/actionpack-4.0.8/lib/action_dispatch/middleware/templates/rescues/template_error.erb within rescues/layout (11.9ms)


Started GET "/" for 127.0.0.1 at 2014-08-14 13:28:37 -0500
Processing by WelcomeController#index as HTML
  Rendered welcome/index.html.erb within layouts/application (7.9ms)
Completed 500 Internal Server Error in 10ms

ActionView::Template::Error (undefined method `logged_in?' for #<#<Class:0x007fe2e4413290>:0x007fe2e8022538>):
    4: </div>
    5: 
    6: 
    7: <% if logged_in? %>
    8:   <h2> Welcome <%= current_user.username %> !</p>
    9:   <% if current_user.resources.length == 0 %>
   10:   <p> You haven't added any resources yet! </p>
  app/views/welcome/index.html.erb:7:in `_app_views_welcome_index_html_erb__3930063620129739371_70306234403500'
  app/controllers/welcome_controller.rb:3:in `index'


  Rendered /Users/flowers2890/.rbenv/versions/2.0.0-p481/lib/ruby/gems/2.0.0/gems/actionpack-4.0.8/lib/action_dispatch/middleware/templates/rescues/_trace.erb (1.3ms)
  Rendered /Users/flowers2890/.rbenv/versions/2.0.0-p481/lib/ruby/gems/2.0.0/gems/actionpack-4.0.8/lib/action_dispatch/middleware/templates/rescues/_request_and_response.erb (1.1ms)
  Rendered /Users/flowers2890/.rbenv/versions/2.0.0-p481/lib/ruby/gems/2.0.0/gems/actionpack-4.0.8/lib/action_dispatch/middleware/templates/rescues/template_error.erb within rescues/layout (38.5ms)


Started GET "/" for 127.0.0.1 at 2014-08-14 13:29:07 -0500
  [1m[36mActiveRecord::SchemaMigration Load (0.6ms)[0m  [1mSELECT "schema_migrations".* FROM "schema_migrations"[0m
Processing by WelcomeController#index as HTML
  Rendered welcome/index.html.erb within layouts/application (9.8ms)
Completed 500 Internal Server Error in 134ms

ActionView::Template::Error (undefined method `logged_in?' for #<#<Class:0x007fb662032a30>:0x007fb662073800>):
    4: </div>
    5: 
    6: 
    7: <% if logged_in? %>
    8:   <h2> Welcome <%= current_user.username %> !</p>
    9:   <% if current_user.resources.length == 0 %>
   10:   <p> You haven't added any resources yet! </p>
  app/views/welcome/index.html.erb:7:in `_app_views_welcome_index_html_erb__2823060332632245537_70210654688380'
  app/controllers/welcome_controller.rb:3:in `index'


  Rendered /Users/flowers2890/.rbenv/versions/2.0.0-p481/lib/ruby/gems/2.0.0/gems/actionpack-4.0.8/lib/action_dispatch/middleware/templates/rescues/_trace.erb (1.2ms)
  Rendered /Users/flowers2890/.rbenv/versions/2.0.0-p481/lib/ruby/gems/2.0.0/gems/actionpack-4.0.8/lib/action_dispatch/middleware/templates/rescues/_request_and_response.erb (1.0ms)
  Rendered /Users/flowers2890/.rbenv/versions/2.0.0-p481/lib/ruby/gems/2.0.0/gems/actionpack-4.0.8/lib/action_dispatch/middleware/templates/rescues/template_error.erb within rescues/layout (13.7ms)


Started GET "/" for 127.0.0.1 at 2014-08-14 13:29:43 -0500
Processing by WelcomeController#index as HTML
  Rendered welcome/index.html.erb within layouts/application (0.4ms)
Completed 200 OK in 932ms (Views: 931.5ms | ActiveRecord: 0.0ms)


Started GET "/assets/application.css?body=1" for 127.0.0.1 at 2014-08-14 13:29:44 -0500


Started GET "/assets/jquery.js?body=1" for 127.0.0.1 at 2014-08-14 13:29:44 -0500


Started GET "/assets/turbolinks.js?body=1" for 127.0.0.1 at 2014-08-14 13:29:44 -0500


Started GET "/assets/jquery_ujs.js?body=1" for 127.0.0.1 at 2014-08-14 13:29:44 -0500


Started GET "/assets/application.js?body=1" for 127.0.0.1 at 2014-08-14 13:29:44 -0500
